<?xml version="1.0" encoding="UTF-8"?>
<!-- Generated by org.testng.reporters.JUnitXMLReporter -->
<testsuite hostname="EPINHYDW1504" ignored="0" name="Test" tests="43" failures="5" timestamp="04 Nov 2019 06:33:59 GMT" time="0.11" errors="0">
  <testcase name="additionChecker" time="0.008" classname="com.jstech.calculatortestatsk.TestCalculator"/>
  <testcase name="additionChecker" time="0.001" classname="com.jstech.calculatortestatsk.TestCalculator"/>
  <testcase name="additionChecker" time="0.001" classname="com.jstech.calculatortestatsk.TestCalculator"/>
  <testcase name="additionChecker" time="0.001" classname="com.jstech.calculatortestatsk.TestCalculator"/>
  <testcase name="additionChecker" time="0.001" classname="com.jstech.calculatortestatsk.TestCalculator"/>
  <testcase name="divisionChecker" time="0.001" classname="com.jstech.calculatortestatsk.TestCalculator"/>
  <testcase name="divisionChecker" time="0.0" classname="com.jstech.calculatortestatsk.TestCalculator"/>
  <testcase name="divisionChecker" time="0.001" classname="com.jstech.calculatortestatsk.TestCalculator"/>
  <testcase name="divisionChecker" time="0.0" classname="com.jstech.calculatortestatsk.TestCalculator"/>
  <testcase name="divisionChecker" time="0.001" classname="com.jstech.calculatortestatsk.TestCalculator"/>
  <testcase name="multiplicationChecker" time="0.001" classname="com.jstech.calculatortestatsk.TestCalculator"/>
  <testcase name="multiplicationChecker" time="0.001" classname="com.jstech.calculatortestatsk.TestCalculator"/>
  <testcase name="multiplicationChecker" time="0.001" classname="com.jstech.calculatortestatsk.TestCalculator"/>
  <testcase name="multiplicationChecker" time="0.0" classname="com.jstech.calculatortestatsk.TestCalculator"/>
  <testcase name="multiplicationChecker" time="0.001" classname="com.jstech.calculatortestatsk.TestCalculator"/>
  <testcase name="negativeTestAddition" time="0.001" classname="com.jstech.calculatortestatsk.TestCalculator">
    <failure type="java.lang.AssertionError" message="expected [46.0] but found [46.1]">
      <![CDATA[java.lang.AssertionError: expected [46.0] but found [46.1]
at com.jstech.calculatortestatsk.TestCalculator.negativeTestAddition(TestCalculator.java:147)
... Removed 30 stack frames]]>
    </failure>
  </testcase> <!-- negativeTestAddition -->
  <testcase name="negativeTestDivide" time="0.001" classname="com.jstech.calculatortestatsk.TestCalculator">
    <failure type="java.lang.AssertionError" message="expected [1.0] but found [1.0043478260869565]">
      <![CDATA[java.lang.AssertionError: expected [1.0] but found [1.0043478260869565]
at com.jstech.calculatortestatsk.TestCalculator.negativeTestDivide(TestCalculator.java:133)
... Removed 30 stack frames]]>
    </failure>
  </testcase> <!-- negativeTestDivide -->
  <testcase name="negativeTestDivideByZero" time="0.001" classname="com.jstech.calculatortestatsk.TestCalculator">
    <failure type="org.testng.TestException" message="
Expected exception of type class java.lang.ArithmeticException but got java.lang.NumberFormatException: Attempt to divide by zero">
      <![CDATA[org.testng.TestException: 
Expected exception of type class java.lang.ArithmeticException but got java.lang.NumberFormatException: Attempt to divide by zero
Caused by: java.lang.NumberFormatException: Attempt to divide by zero
at com.epam.tat.module4.Calculator.div(Calculator.java:34)
at com.jstech.calculatortestatsk.TestCalculator.negativeTestDivideByZero(TestCalculator.java:173)
... 19 more
... Removed 28 stack frames]]>
    </failure>
  </testcase> <!-- negativeTestDivideByZero -->
  <testcase name="negativeTestMultiply" time="0.001" classname="com.jstech.calculatortestatsk.TestCalculator">
    <failure type="java.lang.AssertionError" message="expected [1.0] but found [531.0]">
      <![CDATA[java.lang.AssertionError: expected [1.0] but found [531.0]
at com.jstech.calculatortestatsk.TestCalculator.negativeTestMultiply(TestCalculator.java:140)
... Removed 30 stack frames]]>
    </failure>
  </testcase> <!-- negativeTestMultiply -->
  <testcase name="negativeTestSubtract" time="0.001" classname="com.jstech.calculatortestatsk.TestCalculator">
    <failure type="java.lang.AssertionError" message="expected [0.0] but found [0.10000000000000142]">
      <![CDATA[java.lang.AssertionError: expected [0.0] but found [0.10000000000000142]
at com.jstech.calculatortestatsk.TestCalculator.negativeTestSubtract(TestCalculator.java:154)
... Removed 30 stack frames]]>
    </failure>
  </testcase> <!-- negativeTestSubtract -->
  <testcase name="subtractionChecker" time="0.001" classname="com.jstech.calculatortestatsk.TestCalculator"/>
  <testcase name="subtractionChecker" time="0.001" classname="com.jstech.calculatortestatsk.TestCalculator"/>
  <testcase name="subtractionChecker" time="0.0" classname="com.jstech.calculatortestatsk.TestCalculator"/>
  <testcase name="subtractionChecker" time="0.001" classname="com.jstech.calculatortestatsk.TestCalculator"/>
  <testcase name="subtractionChecker" time="0.0" classname="com.jstech.calculatortestatsk.TestCalculator"/>
  <testcase name="testAddition" time="0.0" classname="com.jstech.calculatortestatsk.TestCalculator"/>
  <testcase name="testAdditionIdentity" time="0.001" classname="com.jstech.calculatortestatsk.TestCalculator"/>
  <testcase name="testAdditionNegative" time="0.0" classname="com.jstech.calculatortestatsk.TestCalculator"/>
  <testcase name="testDivide" time="0.0" classname="com.jstech.calculatortestatsk.TestCalculator"/>
  <testcase name="testDivideByZero" time="0.001" classname="com.jstech.calculatortestatsk.TestCalculator"/>
  <testcase name="testDivideNegativeDenominator" time="0.001" classname="com.jstech.calculatortestatsk.TestCalculator"/>
  <testcase name="testDivideNegativeNumerator" time="0.001" classname="com.jstech.calculatortestatsk.TestCalculator"/>
  <testcase name="testMultiplyIdentity" time="0.001" classname="com.jstech.calculatortestatsk.TestCalculator"/>
  <testcase name="testMultiplyTwo" time="0.001" classname="com.jstech.calculatortestatsk.TestCalculator"/>
  <testcase name="testMultiplyTwoNegatives" time="0.001" classname="com.jstech.calculatortestatsk.TestCalculator"/>
  <testcase name="testMultiplyWithZero" time="0.001" classname="com.jstech.calculatortestatsk.TestCalculator"/>
  <testcase name="testNegativeInteger" time="0.001" classname="com.jstech.calculatortestatsk.TestCalculator"/>
  <testcase name="testNegativeIntegerP" time="0.0" classname="com.jstech.calculatortestatsk.TestCalculator"/>
  <testcase name="testPositiveInteger" time="0.0" classname="com.jstech.calculatortestatsk.TestCalculator"/>
  <testcase name="testPositiveIntegerN" time="0.001" classname="com.jstech.calculatortestatsk.TestCalculator"/>
  <testcase name="testSubtraction" time="0.001" classname="com.jstech.calculatortestatsk.TestCalculator"/>
  <testcase name="testSubtractionBothNegative" time="0.0" classname="com.jstech.calculatortestatsk.TestCalculator"/>
  <testcase name="testSubtractionNegative" time="0.0" classname="com.jstech.calculatortestatsk.TestCalculator"/>
</testsuite> <!-- Test -->
